<?xml version="1.0" encoding="UTF-8"?>
<!-- Generated by org.testng.reporters.JUnitXMLReporter -->
<testsuite ignored="0" hostname="DESKTOP-PUEN090" failures="1" tests="1" name="Test1" time="42.024" errors="0" timestamp="09 Dec 2021 07:15:06 GMT">
  <testcase classname="com.pims.qa.testcases.AntechTest1" name="VerifyPatientNameinBanner" time="26.999">
    <failure type="java.lang.IndexOutOfBoundsException" message="Index 1 out of bounds for length 1">
      <![CDATA[java.lang.IndexOutOfBoundsException: Index 1 out of bounds for length 1
	at java.base/jdk.internal.util.Preconditions.outOfBounds(Preconditions.java:64)
	at java.base/jdk.internal.util.Preconditions.outOfBoundsCheckIndex(Preconditions.java:70)
	at java.base/jdk.internal.util.Preconditions.checkIndex(Preconditions.java:266)
	at java.base/java.util.Objects.checkIndex(Objects.java:359)
	at java.base/java.util.ArrayList.get(ArrayList.java:427)
	at org.openqa.selenium.support.pagefactory.internal.LocatingElementListHandler.invoke(LocatingElementListHandler.java:39)
	at jdk.proxy2/jdk.proxy2.$Proxy16.get(Unknown Source)
	at com.pims.qa.locators.AntechPageLocators.ClickonPatientandgetName(AntechPageLocators.java:51)
	at com.pims.qa.pageobjects.AntechPageObjects.VerifyPatientandOwnerNameinBanner(AntechPageObjects.java:20)
	at com.pims.qa.testcases.AntechTest1.VerifyPatientNameinBanner(AntechTest1.java:33)
	at java.base/java.util.concurrent.FutureTask.run(FutureTask.java:264)
	at java.base/java.util.concurrent.ThreadPoolExecutor.runWorker(ThreadPoolExecutor.java:1130)
	at java.base/java.util.concurrent.ThreadPoolExecutor$Worker.run(ThreadPoolExecutor.java:630)
	at java.base/java.lang.Thread.run(Thread.java:831)
... Removed 20 stack frames]]>
    </failure>
  </testcase> <!-- VerifyPatientNameinBanner -->
</testsuite> <!-- Test1 -->
