<?xml version="1.0" encoding="UTF-8"?>
<!-- Generated by org.testng.reporters.JUnitXMLReporter -->
<testsuite ignored="0" hostname="LAPTOP-65ID085J" failures="0" tests="13" name="Test1" time="475.418" errors="0" timestamp="25 Feb 2023 12:35:39 GMT">
  <testcase classname="com.qa.testcases.SignUpTest" name="Verify_Account_Type_Banner_Alert" time="1.477"/>
  <testcase classname="com.qa.testcases.SignUpTest" name="Verify_Mobile_inputbox_only_allows_numbers" time="5.333"/>
  <testcase classname="com.qa.testcases.SignUpTest" name="Verify_User_is_able_to_complete_the_sign_up_and_receive_activation_email_for_all_Account_types" time="7.2"/>
  <testcase classname="com.qa.testcases.SignUpTest" name="Verify_User_is_able_to_complete_the_sign_up_and_receive_activation_email_for_all_Account_types" time="7.266"/>
  <testcase classname="com.qa.testcases.SignUpTest" name="Verify_User_is_able_to_complete_the_sign_up_and_receive_activation_email_for_all_Account_types" time="38.726"/>
  <testcase classname="com.qa.testcases.SignUpTest" name="Verify_User_is_able_to_complete_the_sign_up_and_receive_activation_email_for_all_Account_types" time="23.58"/>
  <testcase classname="com.qa.testcases.SignUpTest" name="Verify_User_is_able_to_complete_the_sign_up_and_receive_activation_email_for_all_Account_types" time="3.366"/>
  <testcase classname="com.qa.testcases.SignUpTest" name="Verify_User_is_not_able_to_complete_the_sign_up_with_Country_where_payment_cannot_be_done" time="3.337"/>
  <testcase classname="com.qa.testcases.SignUpTest" name="Verify_User_is_not_able_to_enter_non_alphabatic_characters_in__firstName__lastName_inputbox" time="10.827"/>
  <testcase classname="com.qa.testcases.SignUpTest" name="Verify_User_is_not_able_to_sign_up_with_already_existing_email" time="14.298"/>
  <testcase classname="com.qa.testcases.SignUpTest" name="Verify_User_is_not_able_to_sign_up_with_invalid_captcha" time="2.785"/>
  <testcase classname="com.qa.testcases.SignUpTest" name="Verify_User_is_not_able_to_sign_up_without_firstName__lastName_email_and_capcha" time="6.345"/>
  <testcase classname="com.qa.testcases.SignUpTest" name="Verify_User_is_not_able_to_sign_up_without_selecting_account_type" time="0.361"/>
</testsuite> <!-- Test1 -->
