<?xml version="1.0" encoding="UTF-8"?>
<testsuite name="TestSuite" time="51.964" tests="13" errors="0" skipped="0" failures="0">
  <properties>
[...]
</properties>
  <testcase name="Verify_Account_Type_Banner_Alert" classname="com.qa.testcases.SignUpTest" time="1.477"/>
  <testcase name="Verify_Mobile_inputbox_only_allows_numbers" classname="com.qa.testcases.SignUpTest" time="5.334"/>
  <testcase name="Verify_User_is_able_to_complete_the_sign_up_and_receive_activation_email_for_all_Account_types" classname="com.qa.testcases.SignUpTest" time="7.199"/>
  <testcase name="Verify_User_is_able_to_complete_the_sign_up_and_receive_activation_email_for_all_Account_types" classname="com.qa.testcases.SignUpTest" time="7.266"/>
  <testcase name="Verify_User_is_able_to_complete_the_sign_up_and_receive_activation_email_for_all_Account_types" classname="com.qa.testcases.SignUpTest" time="38.726"/>
  <testcase name="Verify_User_is_able_to_complete_the_sign_up_and_receive_activation_email_for_all_Account_types" classname="com.qa.testcases.SignUpTest" time="23.579"/>
  <testcase name="Verify_User_is_able_to_complete_the_sign_up_and_receive_activation_email_for_all_Account_types" classname="com.qa.testcases.SignUpTest" time="3.365"/>
  <testcase name="Verify_User_is_not_able_to_complete_the_sign_up_with_Country_where_payment_cannot_be_done" classname="com.qa.testcases.SignUpTest" time="3.337"/>
  <testcase name="Verify_User_is_not_able_to_enter_non_alphabatic_characters_in__firstName__lastName_inputbox" classname="com.qa.testcases.SignUpTest" time="10.827"/>
  <testcase name="Verify_User_is_not_able_to_sign_up_with_already_existing_email" classname="com.qa.testcases.SignUpTest" time="14.299"/>
  <testcase name="Verify_User_is_not_able_to_sign_up_with_invalid_captcha" classname="com.qa.testcases.SignUpTest" time="2.785"/>
  <testcase name="Verify_User_is_not_able_to_sign_up_without_firstName__lastName_email_and_capcha" classname="com.qa.testcases.SignUpTest" time="6.345"/>
  <testcase name="Verify_User_is_not_able_to_sign_up_without_selecting_account_type" classname="com.qa.testcases.SignUpTest" time="0.361"/>
</testsuite>