<?xml version="1.0" encoding="UTF-8"?>
<testng-results ignored="0" total="1" passed="1" failed="0" skipped="0">
  <reporter-output>
  </reporter-output>
  <suite started-at="2022-02-13T12:30:22Z" name="Default suite" finished-at="2022-02-13T12:30:34Z" duration-ms="12038">
    <groups>
    </groups>
    <test started-at="2022-02-13T12:30:22Z" name="Default test" finished-at="2022-02-13T12:30:34Z" duration-ms="12038">
      <class name="com.pims.qa.testcases.AntechTest1">
        <test-method is-config="true" signature="setUp()[pri:0, instance:com.pims.qa.testcases.AntechTest1@127a7a2e]" started-at="2022-02-13T18:00:22Z" name="setUp" finished-at="2022-02-13T18:00:32Z" duration-ms="10231" status="PASS">
          <reporter-output>
          </reporter-output>
        </test-method> <!-- setUp -->
        <test-method signature="VerifyPatientNameinBanner()[pri:0, instance:com.pims.qa.testcases.AntechTest1@127a7a2e]" started-at="2022-02-13T18:00:32Z" name="VerifyPatientNameinBanner" finished-at="2022-02-13T18:00:33Z" duration-ms="1100" status="PASS">
          <reporter-output>
          </reporter-output>
        </test-method> <!-- VerifyPatientNameinBanner -->
        <test-method is-config="true" signature="tearDown()[pri:0, instance:com.pims.qa.testcases.AntechTest1@127a7a2e]" started-at="2022-02-13T18:00:33Z" name="tearDown" finished-at="2022-02-13T18:00:34Z" duration-ms="689" status="PASS">
          <reporter-output>
          </reporter-output>
        </test-method> <!-- tearDown -->
      </class> <!-- com.pims.qa.testcases.AntechTest1 -->
    </test> <!-- Default test -->
  </suite> <!-- Default suite -->
</testng-results>
